2024-01-11 00:22:58,214 [main] INFO Coverfox_Log - CoverFox URL launched
2024-01-11 00:24:14,588 [main] INFO Coverfox_Log - CoverFox URL launched
2024-01-11 00:27:52,444 [main] INFO Coverfox_Log - CoverFox URL launched
2024-01-11 00:31:28,267 [main] INFO Coverfox_Log - CoverFox URL launched
2024-01-11 00:31:44,047 [main] INFO Coverfox_Log - Information filled and clicking on continue button
2024-01-11 00:31:44,054 [main] INFO Coverfox_Log - Validating actual and expected result
2024-01-11 00:31:52,160 [main] INFO Coverfox_Log - Test case pass
2024-01-11 00:31:52,167 [main] INFO Coverfox_Log - Closing browser
2024-01-16 20:00:04,225 [main] INFO Coverfox_Log - CoverFox URL launched
2024-01-16 20:00:32,838 [main] INFO Coverfox_Log - CoverFox URL launched
2024-01-16 20:55:06,912 [main] INFO Coverfox_Log - CoverFox URL launched
2024-01-16 20:55:25,175 [main] INFO Coverfox_Log - Information filled and clicking on continue button
2024-01-16 20:55:25,192 [main] INFO Coverfox_Log - Validating actual and expected result
2024-01-16 20:55:33,329 [main] INFO Coverfox_Log - Test case pass
2024-01-16 20:55:33,338 [main] INFO Coverfox_Log - Closing browser
2024-01-16 20:56:28,328 [main] INFO Coverfox_Log - CoverFox URL launched
2024-01-16 20:56:45,156 [main] INFO Coverfox_Log - Information filled and clicking on continue button
2024-01-16 20:56:45,173 [main] INFO Coverfox_Log - Validating actual and expected result
2024-01-16 20:56:53,309 [main] INFO Coverfox_Log - Test case pass
2024-01-16 20:56:53,319 [main] INFO Coverfox_Log - Closing browser
2024-01-16 20:58:23,500 [main] INFO Coverfox_Log - CoverFox URL launched
2024-01-16 20:58:40,401 [main] INFO Coverfox_Log - Information filled and clicking on continue button
2024-01-16 20:58:40,405 [main] INFO Coverfox_Log - Validating actual and expected result
2024-01-16 20:58:48,535 [main] INFO Coverfox_Log - Test case pass
2024-01-16 20:58:48,540 [main] INFO Coverfox_Log - Closing browser
2024-01-16 21:16:29,058 [main] INFO Coverfox_Log - CoverFox URL launched
2024-01-16 23:20:07,101 [main] INFO Coverfox_Log - CoverFox URL launched
2024-01-16 23:20:22,926 [main] INFO Coverfox_Log - Information filled and clicking on continue button
2024-01-16 23:20:22,930 [main] INFO Coverfox_Log - Validating actual and expected result
2024-01-16 23:20:31,026 [main] INFO Coverfox_Log - Test case pass
2024-01-16 23:20:31,030 [main] INFO Coverfox_Log - Closing browser
2024-01-17 21:06:37,220 [main] INFO Coverfox_Log - CoverFox URL launched
2024-01-17 21:06:52,678 [main] INFO Coverfox_Log - Information filled and clicking on continue button
2024-01-17 21:06:52,682 [main] INFO Coverfox_Log - Validating actual and expected result
2024-01-17 21:07:00,771 [main] INFO Coverfox_Log - Test case pass
2024-01-17 21:07:00,775 [main] INFO Coverfox_Log - Closing browser
2024-01-17 21:54:05,021 [main] INFO Coverfox_Log - CoverFox URL launched
2024-01-17 21:54:20,865 [main] INFO Coverfox_Log - Information filled and clicking on continue button
2024-01-17 21:54:20,876 [main] INFO Coverfox_Log - Validating actual and expected result
2024-01-17 21:54:28,980 [main] INFO Coverfox_Log - Test case pass
2024-01-17 21:54:28,987 [main] INFO Coverfox_Log - Closing browser
2024-01-17 21:55:11,736 [main] INFO Coverfox_Log - CoverFox URL launched
2024-01-17 21:55:27,421 [main] INFO Coverfox_Log - Information filled and clicking on continue button
2024-01-17 21:55:27,428 [main] INFO Coverfox_Log - Validating actual and expected result
2024-01-17 21:55:35,519 [main] INFO Coverfox_Log - Test case pass
2024-01-17 21:55:35,524 [main] INFO Coverfox_Log - Closing browser
2024-01-17 21:56:51,877 [main] INFO Coverfox_Log - CoverFox URL launched
2024-01-17 21:57:07,256 [main] INFO Coverfox_Log - Information filled and clicking on continue button
2024-01-17 21:57:07,261 [main] INFO Coverfox_Log - Validating actual and expected result
2024-01-17 21:57:15,343 [main] INFO Coverfox_Log - Test case pass
2024-01-17 21:57:15,347 [main] INFO Coverfox_Log - Closing browser
2024-01-17 22:43:33,491 [main] INFO Coverfox_Log - CoverFox URL launched
2024-01-17 22:43:49,976 [main] INFO Coverfox_Log - Information filled and clicking on continue button
2024-01-17 22:43:49,981 [main] INFO Coverfox_Log - Validating actual and expected result
2024-01-17 22:43:58,193 [main] INFO Coverfox_Log - Test case pass
2024-01-17 22:43:58,204 [main] INFO Coverfox_Log - Closing browser
2024-01-18 01:07:16,088 [main] INFO Coverfox_Log - CoverFox URL launched
2024-01-18 01:07:32,746 [main] INFO Coverfox_Log - Information filled and clicking on continue button
2024-01-18 01:07:32,754 [main] INFO Coverfox_Log - Validating actual and expected result
2024-01-18 01:07:40,966 [main] INFO Coverfox_Log - Test case pass
2024-01-18 01:07:40,982 [main] INFO Coverfox_Log - Closing browser
2024-01-18 01:08:04,500 [main] INFO Coverfox_Log - CoverFox URL launched
2024-01-18 01:08:21,100 [main] INFO Coverfox_Log - Information filled and clicking on continue button
2024-01-18 01:08:21,112 [main] INFO Coverfox_Log - Validating actual and expected result
2024-01-18 01:08:29,315 [main] INFO Coverfox_Log - Test case pass
2024-01-18 01:08:29,326 [main] INFO Coverfox_Log - Closing browser
2024-01-18 01:13:50,278 [main] INFO Coverfox_Log - CoverFox URL launched
2024-01-18 01:14:06,680 [main] INFO Coverfox_Log - Information filled and clicking on continue button
2024-01-18 01:14:06,686 [main] INFO Coverfox_Log - Validating actual and expected result
2024-01-18 01:14:14,840 [main] INFO Coverfox_Log - Test case pass
2024-01-18 01:14:14,843 [main] INFO Coverfox_Log - Closing browser
2024-01-18 01:20:20,747 [main] INFO Coverfox_Log - CoverFox URL launched
2024-01-18 01:20:37,049 [main] INFO Coverfox_Log - Information filled and clicking on continue button
2024-01-18 01:20:37,053 [main] INFO Coverfox_Log - Validating actual and expected result
2024-01-18 01:20:45,160 [main] INFO Coverfox_Log - Test case pass
2024-01-18 01:20:45,165 [main] INFO Coverfox_Log - Closing browser
2024-01-18 01:24:06,149 [main] INFO Coverfox_Log - CoverFox URL launched
2024-01-18 01:24:22,505 [main] INFO Coverfox_Log - Information filled and clicking on continue button
2024-01-18 01:24:22,516 [main] INFO Coverfox_Log - Validating actual and expected result
2024-01-18 01:24:30,722 [main] INFO Coverfox_Log - Test case pass
2024-01-18 01:24:30,731 [main] INFO Coverfox_Log - Closing browser
