2024-01-11 00:22:58,214 - Coverfox_Log -INFO - CoverFox URL launched
2024-01-11 00:24:14,588 - Coverfox_Log -INFO - CoverFox URL launched
2024-01-11 00:27:52,444 - Coverfox_Log -INFO - CoverFox URL launched
2024-01-11 00:31:28,267 - Coverfox_Log -INFO - CoverFox URL launched
2024-01-11 00:31:44,047 - Coverfox_Log -INFO - Information filled and clicking on continue button
2024-01-11 00:31:44,054 - Coverfox_Log -INFO - Validating actual and expected result
2024-01-11 00:31:52,160 - Coverfox_Log -INFO - Test case pass
2024-01-11 00:31:52,167 - Coverfox_Log -INFO - Closing browser
2024-01-16 20:00:04,225 - Coverfox_Log -INFO - CoverFox URL launched
2024-01-16 20:00:32,838 - Coverfox_Log -INFO - CoverFox URL launched
2024-01-16 20:55:06,912 - Coverfox_Log -INFO - CoverFox URL launched
2024-01-16 20:55:25,175 - Coverfox_Log -INFO - Information filled and clicking on continue button
2024-01-16 20:55:25,192 - Coverfox_Log -INFO - Validating actual and expected result
2024-01-16 20:55:33,329 - Coverfox_Log -INFO - Test case pass
2024-01-16 20:55:33,338 - Coverfox_Log -INFO - Closing browser
2024-01-16 20:56:28,328 - Coverfox_Log -INFO - CoverFox URL launched
2024-01-16 20:56:45,156 - Coverfox_Log -INFO - Information filled and clicking on continue button
2024-01-16 20:56:45,173 - Coverfox_Log -INFO - Validating actual and expected result
2024-01-16 20:56:53,309 - Coverfox_Log -INFO - Test case pass
2024-01-16 20:56:53,319 - Coverfox_Log -INFO - Closing browser
2024-01-16 20:58:23,500 - Coverfox_Log -INFO - CoverFox URL launched
2024-01-16 20:58:40,401 - Coverfox_Log -INFO - Information filled and clicking on continue button
2024-01-16 20:58:40,405 - Coverfox_Log -INFO - Validating actual and expected result
2024-01-16 20:58:48,535 - Coverfox_Log -INFO - Test case pass
2024-01-16 20:58:48,540 - Coverfox_Log -INFO - Closing browser
2024-01-16 21:16:29,058 - Coverfox_Log -INFO - CoverFox URL launched
2024-01-16 23:20:07,101 - Coverfox_Log -INFO - CoverFox URL launched
2024-01-16 23:20:22,926 - Coverfox_Log -INFO - Information filled and clicking on continue button
2024-01-16 23:20:22,930 - Coverfox_Log -INFO - Validating actual and expected result
2024-01-16 23:20:31,026 - Coverfox_Log -INFO - Test case pass
2024-01-16 23:20:31,030 - Coverfox_Log -INFO - Closing browser
2024-01-17 21:06:37,220 - Coverfox_Log -INFO - CoverFox URL launched
2024-01-17 21:06:52,678 - Coverfox_Log -INFO - Information filled and clicking on continue button
2024-01-17 21:06:52,682 - Coverfox_Log -INFO - Validating actual and expected result
2024-01-17 21:07:00,771 - Coverfox_Log -INFO - Test case pass
2024-01-17 21:07:00,775 - Coverfox_Log -INFO - Closing browser
